<?xml version="1.0" encoding="UTF-8"?>
<testng-results skipped="0" failed="0" total="1" passed="1">
  <reporter-output>
  </reporter-output>
  <suite name="Default suite" duration-ms="39664" started-at="2019-07-28T12:18:31Z" finished-at="2019-07-28T12:19:11Z">
    <groups>
    </groups>
    <test name="Default test" duration-ms="39664" started-at="2019-07-28T12:18:31Z" finished-at="2019-07-28T12:19:11Z">
      <class name="gittest.gittest">
        <test-method status="PASS" signature="sampleTest()[pri:0, instance:gittest.gittest@7d417077]" name="sampleTest" duration-ms="39620" started-at="2019-07-28T17:48:31Z" finished-at="2019-07-28T17:49:11Z">
          <reporter-output>
          </reporter-output>
        </test-method> <!-- sampleTest -->
      </class> <!-- gittest.gittest -->
    </test> <!-- Default test -->
  </suite> <!-- Default suite -->
</testng-results>
